<?xml version="1.0" encoding="UTF-8"?>
<!-- Generated by org.testng.reporters.JUnitXMLReporter -->
<testsuite hostname="DESKTOP-01THEB1" ignored="0" name="Regression" tests="1" failures="1" timestamp="05 May 2019 16:19:07 GMT" time="69.349" errors="0">
  <testcase name="TC_01_ChooseCottonSaree" time="40.365" classname="com.craftsvilla.testscripts.CottonSareesScripts">
    <failure type="java.lang.AssertionError" message="null">
      <![CDATA[java.lang.AssertionError: null
at com.craftsvilla.testscripts.CottonSareesScripts.TC_01_ChooseCottonSaree(CottonSareesScripts.java:37)
... Removed 27 stack frames]]>
    </failure>
  </testcase> <!-- TC_01_ChooseCottonSaree -->
</testsuite> <!-- Regression -->
